<?xml version="1.0" encoding="UTF-8"?>
<coverage generated="1637367988127" clover="3.2.0">
  <project timestamp="1637367988127" name="All files">
    <metrics statements="34" coveredstatements="34" conditionals="12" coveredconditionals="11" methods="14" coveredmethods="14" elements="60" coveredelements="59" complexity="0" loc="34" ncloc="34" packages="1" files="1" classes="1"/>
    <file name="script.js" path="/mnt/c/Users/tenki/kamaljot/OOPJavascript/script.js">
      <metrics statements="34" coveredstatements="34" conditionals="12" coveredconditionals="11" methods="14" coveredmethods="14"/>
      <line num="3" count="3" type="stmt"/>
      <line num="24" count="29" type="stmt"/>
      <line num="25" count="29" type="stmt"/>
      <line num="26" count="29" type="stmt"/>
      <line num="27" count="29" type="stmt"/>
      <line num="31" count="3" type="stmt"/>
      <line num="34" count="6" type="cond" truecount="4" falsecount="0"/>
      <line num="36" count="5" type="stmt"/>
      <line num="37" count="29" type="stmt"/>
      <line num="38" count="5" type="cond" truecount="1" falsecount="1"/>
      <line num="39" count="29" type="stmt"/>
      <line num="40" count="29" type="stmt"/>
      <line num="41" count="5" type="stmt"/>
      <line num="44" count="3" type="stmt"/>
      <line num="47" count="4" type="stmt"/>
      <line num="48" count="28" type="cond" truecount="2" falsecount="0"/>
      <line num="49" count="4" type="stmt"/>
      <line num="50" count="16" type="stmt"/>
      <line num="52" count="4" type="stmt"/>
      <line num="53" count="4" type="stmt"/>
      <line num="55" count="3" type="stmt"/>
      <line num="58" count="4" type="stmt"/>
      <line num="59" count="4" type="stmt"/>
      <line num="60" count="4" type="stmt"/>
      <line num="61" count="23" type="cond" truecount="2" falsecount="0"/>
      <line num="62" count="11" type="stmt"/>
      <line num="63" count="11" type="cond" truecount="2" falsecount="0"/>
      <line num="64" count="7" type="stmt"/>
      <line num="65" count="7" type="stmt"/>
      <line num="69" count="4" type="stmt"/>
      <line num="71" count="3" type="stmt"/>
      <line num="74" count="12" type="stmt"/>
      <line num="77" count="3" type="stmt"/>
      <line num="80" count="3" type="stmt"/>
    </file>
  </project>
</coverage>
