{"/mnt/c/Users/tenki/kamaljot/OOPJavascript/script.js": {"path":"/mnt/c/Users/tenki/kamaljot/OOPJavascript/script.js","statementMap":{"0":{"start":{"line":3,"column":16},"end":{"line":20,"column":1}},"1":{"start":{"line":24,"column":4},"end":{"line":24,"column":23}},"2":{"start":{"line":25,"column":4},"end":{"line":25,"column":47}},"3":{"start":{"line":26,"column":4},"end":{"line":26,"column":39}},"4":{"start":{"line":27,"column":4},"end":{"line":27,"column":25}},"5":{"start":{"line":31,"column":14},"end":{"line":31,"column":298}},"6":{"start":{"line":34,"column":2},"end":{"line":42,"column":3}},"7":{"start":{"line":34,"column":43},"end":{"line":34,"column":64}},"8":{"start":{"line":36,"column":29},"end":{"line":36,"column":55}},"9":{"start":{"line":36,"column":38},"end":{"line":36,"column":55}},"10":{"start":{"line":37,"column":23},"end":{"line":37,"column":91}},"11":{"start":{"line":37,"column":62},"end":{"line":37,"column":90}},"12":{"start":{"line":38,"column":4},"end":{"line":38,"column":52}},"13":{"start":{"line":38,"column":31},"end":{"line":38,"column":52}},"14":{"start":{"line":39,"column":32},"end":{"line":39,"column":71}},"15":{"start":{"line":39,"column":55},"end":{"line":39,"column":70}},"16":{"start":{"line":40,"column":18},"end":{"line":40,"column":92}},"17":{"start":{"line":40,"column":50},"end":{"line":40,"column":91}},"18":{"start":{"line":41,"column":4},"end":{"line":41,"column":16}},"19":{"start":{"line":44,"column":14},"end":{"line":44,"column":31}},"20":{"start":{"line":47,"column":13},"end":{"line":47,"column":15}},"21":{"start":{"line":48,"column":2},"end":{"line":48,"column":102}},"22":{"start":{"line":48,"column":24},"end":{"line":48,"column":100}},"23":{"start":{"line":49,"column":27},"end":{"line":51,"column":7}},"24":{"start":{"line":50,"column":6},"end":{"line":50,"column":48}},"25":{"start":{"line":52,"column":32},"end":{"line":52,"column":107}},"26":{"start":{"line":52,"column":52},"end":{"line":52,"column":107}},"27":{"start":{"line":52,"column":84},"end":{"line":52,"column":106}},"28":{"start":{"line":53,"column":2},"end":{"line":53,"column":53}},"29":{"start":{"line":55,"column":24},"end":{"line":55,"column":54}},"30":{"start":{"line":58,"column":19},"end":{"line":58,"column":27}},"31":{"start":{"line":59,"column":19},"end":{"line":59,"column":41}},"32":{"start":{"line":60,"column":2},"end":{"line":68,"column":4}},"33":{"start":{"line":61,"column":4},"end":{"line":67,"column":5}},"34":{"start":{"line":62,"column":24},"end":{"line":62,"column":56}},"35":{"start":{"line":63,"column":6},"end":{"line":66,"column":7}},"36":{"start":{"line":64,"column":8},"end":{"line":64,"column":33}},"37":{"start":{"line":65,"column":8},"end":{"line":65,"column":26}},"38":{"start":{"line":69,"column":2},"end":{"line":69,"column":19}},"39":{"start":{"line":71,"column":19},"end":{"line":71,"column":40}},"40":{"start":{"line":74,"column":14},"end":{"line":74,"column":110}},"41":{"start":{"line":74,"column":39},"end":{"line":74,"column":100}},"42":{"start":{"line":77,"column":0},"end":{"line":77,"column":161}},"43":{"start":{"line":80,"column":0},"end":{"line":84,"column":1}}},"fnMap":{"0":{"name":"(anonymous_0)","decl":{"start":{"line":23,"column":2},"end":{"line":23,"column":3}},"loc":{"start":{"line":23,"column":63},"end":{"line":28,"column":3}},"line":23},"1":{"name":"parseInput","decl":{"start":{"line":33,"column":9},"end":{"line":33,"column":19}},"loc":{"start":{"line":33,"column":27},"end":{"line":43,"column":1}},"line":33},"2":{"name":"(anonymous_2)","decl":{"start":{"line":36,"column":29},"end":{"line":36,"column":30}},"loc":{"start":{"line":36,"column":38},"end":{"line":36,"column":55}},"line":36},"3":{"name":"(anonymous_3)","decl":{"start":{"line":37,"column":54},"end":{"line":37,"column":55}},"loc":{"start":{"line":37,"column":62},"end":{"line":37,"column":90}},"line":37},"4":{"name":"(anonymous_4)","decl":{"start":{"line":39,"column":47},"end":{"line":39,"column":48}},"loc":{"start":{"line":39,"column":55},"end":{"line":39,"column":70}},"line":39},"5":{"name":"(anonymous_5)","decl":{"start":{"line":40,"column":42},"end":{"line":40,"column":43}},"loc":{"start":{"line":40,"column":50},"end":{"line":40,"column":91}},"line":40},"6":{"name":"findAuthorWithMostBooks","decl":{"start":{"line":46,"column":9},"end":{"line":46,"column":32}},"loc":{"start":{"line":46,"column":40},"end":{"line":54,"column":1}},"line":46},"7":{"name":"(anonymous_7)","decl":{"start":{"line":48,"column":16},"end":{"line":48,"column":17}},"loc":{"start":{"line":48,"column":24},"end":{"line":48,"column":100}},"line":48},"8":{"name":"(anonymous_8)","decl":{"start":{"line":49,"column":54},"end":{"line":49,"column":55}},"loc":{"start":{"line":49,"column":86},"end":{"line":51,"column":3}},"line":49},"9":{"name":"(anonymous_9)","decl":{"start":{"line":52,"column":32},"end":{"line":52,"column":33}},"loc":{"start":{"line":52,"column":52},"end":{"line":52,"column":107}},"line":52},"10":{"name":"(anonymous_10)","decl":{"start":{"line":52,"column":77},"end":{"line":52,"column":78}},"loc":{"start":{"line":52,"column":84},"end":{"line":52,"column":106}},"line":52},"11":{"name":"findOldestBook","decl":{"start":{"line":57,"column":9},"end":{"line":57,"column":23}},"loc":{"start":{"line":57,"column":31},"end":{"line":70,"column":1}},"line":57},"12":{"name":"(anonymous_12)","decl":{"start":{"line":60,"column":16},"end":{"line":60,"column":17}},"loc":{"start":{"line":60,"column":24},"end":{"line":68,"column":3}},"line":60},"13":{"name":"(anonymous_13)","decl":{"start":{"line":74,"column":29},"end":{"line":74,"column":30}},"loc":{"start":{"line":74,"column":39},"end":{"line":74,"column":100}},"line":74}},"branchMap":{"0":{"loc":{"start":{"line":34,"column":2},"end":{"line":42,"column":3}},"type":"if","locations":[{"start":{"line":34,"column":2},"end":{"line":42,"column":3}},{"start":{"line":35,"column":7},"end":{"line":42,"column":3}}],"line":34},"1":{"loc":{"start":{"line":34,"column":6},"end":{"line":34,"column":41}},"type":"binary-expr","locations":[{"start":{"line":34,"column":6},"end":{"line":34,"column":19}},{"start":{"line":34,"column":23},"end":{"line":34,"column":41}}],"line":34},"2":{"loc":{"start":{"line":38,"column":4},"end":{"line":38,"column":52}},"type":"if","locations":[{"start":{"line":38,"column":4},"end":{"line":38,"column":52}},{"start":{},"end":{}}],"line":38},"3":{"loc":{"start":{"line":48,"column":24},"end":{"line":48,"column":100}},"type":"cond-expr","locations":[{"start":{"line":48,"column":55},"end":{"line":48,"column":76}},{"start":{"line":48,"column":78},"end":{"line":48,"column":100}}],"line":48},"4":{"loc":{"start":{"line":61,"column":4},"end":{"line":67,"column":5}},"type":"if","locations":[{"start":{"line":61,"column":4},"end":{"line":67,"column":5}},{"start":{},"end":{}}],"line":61},"5":{"loc":{"start":{"line":63,"column":6},"end":{"line":66,"column":7}},"type":"if","locations":[{"start":{"line":63,"column":6},"end":{"line":66,"column":7}},{"start":{},"end":{}}],"line":63}},"s":{"0":3,"1":29,"2":29,"3":29,"4":29,"5":3,"6":6,"7":1,"8":5,"9":5,"10":5,"11":29,"12":5,"13":0,"14":5,"15":29,"16":5,"17":29,"18":5,"19":3,"20":4,"21":4,"22":28,"23":4,"24":16,"25":4,"26":4,"27":4,"28":4,"29":3,"30":4,"31":4,"32":4,"33":23,"34":11,"35":11,"36":7,"37":7,"38":4,"39":3,"40":3,"41":12,"42":3,"43":3},"f":{"0":29,"1":6,"2":5,"3":29,"4":29,"5":29,"6":4,"7":28,"8":16,"9":4,"10":4,"11":4,"12":23,"13":12},"b":{"0":[1,5],"1":[6,6],"2":[0,5],"3":[16,12],"4":[11,12],"5":[7,4]},"_coverageSchema":"1a1c01bbd47fc00a2c39e90264f33305004495a9","hash":"5e117c4eef7fddcc47d96808dd1b0a82becc1e10"}
}
