TN:
SF:script.js
FN:23,(anonymous_0)
FN:33,parseInput
FN:36,(anonymous_2)
FN:37,(anonymous_3)
FN:39,(anonymous_4)
FN:40,(anonymous_5)
FN:46,findAuthorWithMostBooks
FN:48,(anonymous_7)
FN:49,(anonymous_8)
FN:52,(anonymous_9)
FN:52,(anonymous_10)
FN:57,findOldestBook
FN:60,(anonymous_12)
FN:74,(anonymous_13)
FNF:14
FNH:14
FNDA:29,(anonymous_0)
FNDA:6,parseInput
FNDA:5,(anonymous_2)
FNDA:29,(anonymous_3)
FNDA:29,(anonymous_4)
FNDA:29,(anonymous_5)
FNDA:4,findAuthorWithMostBooks
FNDA:28,(anonymous_7)
FNDA:16,(anonymous_8)
FNDA:4,(anonymous_9)
FNDA:4,(anonymous_10)
FNDA:4,findOldestBook
FNDA:23,(anonymous_12)
FNDA:12,(anonymous_13)
DA:3,3
DA:24,29
DA:25,29
DA:26,29
DA:27,29
DA:31,3
DA:34,6
DA:36,5
DA:37,29
DA:38,5
DA:39,29
DA:40,29
DA:41,5
DA:44,3
DA:47,4
DA:48,28
DA:49,4
DA:50,16
DA:52,4
DA:53,4
DA:55,3
DA:58,4
DA:59,4
DA:60,4
DA:61,23
DA:62,11
DA:63,11
DA:64,7
DA:65,7
DA:69,4
DA:71,3
DA:74,12
DA:77,3
DA:80,3
LF:34
LH:34
BRDA:34,0,0,1
BRDA:34,0,1,5
BRDA:34,1,0,6
BRDA:34,1,1,6
BRDA:38,2,0,0
BRDA:38,2,1,5
BRDA:48,3,0,16
BRDA:48,3,1,12
BRDA:61,4,0,11
BRDA:61,4,1,12
BRDA:63,5,0,7
BRDA:63,5,1,4
BRF:12
BRH:11
end_of_record
